<?xml version="1.0" encoding="UTF-8"?>
<!-- Generated by org.testng.reporters.JUnitXMLReporter -->
<testsuite ignored="0" hostname="LAPTOP-VFKJ2SC9" failures="0" tests="6" name="Default test" time="82.952" errors="0" timestamp="2023-11-23T15:45:54 IST">
  <testcase classname="tests.UberAdmin" name="LoginWithInvalidCredentials" time="1.219"/>
  <testcase classname="tests.UberAdmin" name="LoginWithInvalidCredentials" time="0.829"/>
  <testcase classname="tests.UberAdmin" name="LoginWithInvalidCredentials" time="0.761"/>
  <testcase classname="tests.UberAdmin" name="LoginWithValidCredentials" time="8.284"/>
  <testcase classname="tests.UberAdmin" name="ForgotPassword" time="5.413"/>
  <testcase classname="tests.UberAdmin" name="CreateNewSoloInstructor" time="18.763"/>
</testsuite> <!-- Default test -->
