<?xml version="1.0" encoding="UTF-8"?>
<!-- Generated by org.testng.reporters.JUnitXMLReporter -->
<testsuite ignored="3" hostname="LAPTOP-VFKJ2SC9" failures="0" tests="1" name="Default test" time="30.664" errors="0" timestamp="2023-10-05T02:01:40 IST">
  <testcase classname="UberAdmin.UberAdmin" name="CreateNewSoloInstructor" time="20.261"/>
  <testcase classname="UberAdmin.UberAdmin" name="LoginWithInvalidCredentials" time="0.0">
    <ignored/>
  </testcase> <!-- LoginWithInvalidCredentials -->
  <testcase classname="UberAdmin.UberAdmin" name="ForgotPassword" time="0.0">
    <ignored/>
  </testcase> <!-- ForgotPassword -->
  <testcase classname="UberAdmin.UberAdmin" name="LoginWithValidCredentials" time="0.0">
    <ignored/>
  </testcase> <!-- LoginWithValidCredentials -->
</testsuite> <!-- Default test -->
