<?xml version="1.0" encoding="UTF-8"?>
<!-- Generated by org.testng.reporters.JUnitXMLReporter -->
<testsuite ignored="0" hostname="LAPTOP-VFKJ2SC9" failures="0" tests="6" name="Test" time="69.641" errors="0" timestamp="2023-11-23T15:51:22 IST">
  <testcase classname="tests.UberAdmin" name="LoginWithInvalidCredentials" time="1.015"/>
  <testcase classname="tests.UberAdmin" name="LoginWithInvalidCredentials" time="0.671"/>
  <testcase classname="tests.UberAdmin" name="LoginWithInvalidCredentials" time="0.649"/>
  <testcase classname="tests.UberAdmin" name="LoginWithValidCredentials" time="6.624"/>
  <testcase classname="tests.UberAdmin" name="ForgotPassword" time="4.717"/>
  <testcase classname="tests.UberAdmin" name="CreateNewSoloInstructor" time="15.804"/>
</testsuite> <!-- Test -->
