<?xml version="1.0" encoding="UTF-8"?>
<!-- Generated by org.testng.reporters.JUnitXMLReporter -->
<testsuite ignored="0" hostname="LAPTOP-VFKJ2SC9" failures="0" tests="6" name="Test" time="84.169" errors="0" timestamp="2023-11-02T15:29:15 IST">
  <testcase classname="UberAdmin.UberAdmin" name="LoginWithInvalidCredentials" time="2.068"/>
  <testcase classname="UberAdmin.UberAdmin" name="LoginWithInvalidCredentials" time="0.806"/>
  <testcase classname="UberAdmin.UberAdmin" name="LoginWithInvalidCredentials" time="0.779"/>
  <testcase classname="UberAdmin.UberAdmin" name="LoginWithValidCredentials" time="11.026"/>
  <testcase classname="UberAdmin.UberAdmin" name="ForgotPassword" time="5.281"/>
  <testcase classname="UberAdmin.UberAdmin" name="CreateNewSoloInstructor" time="18.018"/>
</testsuite> <!-- Test -->
