<?xml version="1.0" encoding="UTF-8"?>
<!-- Generated by org.testng.reporters.JUnitXMLReporter -->
<testsuite ignored="0" hostname="LAPTOP-VFKJ2SC9" failures="0" tests="6" name="Test" time="86.251" errors="0" timestamp="2023-11-02T13:57:47 IST">
  <testcase classname="UberAdmin.UberAdmin" name="LoginWithInvalidCredentials" time="1.326"/>
  <testcase classname="UberAdmin.UberAdmin" name="LoginWithInvalidCredentials" time="0.678"/>
  <testcase classname="UberAdmin.UberAdmin" name="LoginWithInvalidCredentials" time="0.815"/>
  <testcase classname="UberAdmin.UberAdmin" name="LoginWithValidCredentials" time="11.674"/>
  <testcase classname="UberAdmin.UberAdmin" name="ForgotPassword" time="5.389"/>
  <testcase classname="UberAdmin.UberAdmin" name="CreateNewSoloInstructor" time="17.577"/>
</testsuite> <!-- Test -->
