-------------------------------------------------------------------------------
Test set: TestSuite
-------------------------------------------------------------------------------
Tests run: 7, Failures: 1, Errors: 0, Skipped: 0, Time elapsed: 70.367 s <<< FAILURE! - in TestSuite
verifyLoginWithNoData(UberAdmin.Login_Test)  Time elapsed: 0.468 s  <<< FAILURE!
java.lang.AssertionError: expected [true] but found [false]
	at UberAdmin.Login_Test.verifyLoginWithNoData(Login_Test.java:73)

