<?xml version="1.0" encoding="UTF-8"?>
<testng-results ignored="3" total="4" passed="1" failed="0" skipped="0">
  <reporter-output>
  </reporter-output>
  <suite started-at="2023-11-14T00:11:22 IST" name="Default suite" finished-at="2023-11-14T00:11:52 IST" duration-ms="30463">
    <groups>
    </groups>
    <test started-at="2023-11-14T00:11:22 IST" name="Default test" finished-at="2023-11-14T00:11:52 IST" duration-ms="30463">
      <class name="UberAdmin.UberAdmin">
        <test-method is-config="true" signature="initialize()[pri:0, instance:UberAdmin.UberAdmin@54bff557]" started-at="2023-11-14T00:11:22 IST" name="initialize" finished-at="2023-11-14T00:11:32 IST" duration-ms="9627" status="PASS">
          <reporter-output>
          </reporter-output>
        </test-method> <!-- initialize -->
        <test-method signature="CreateNewSoloInstructor()[pri:4, instance:UberAdmin.UberAdmin@54bff557]" started-at="2023-11-14T00:11:32 IST" name="CreateNewSoloInstructor" finished-at="2023-11-14T00:11:51 IST" duration-ms="19942" status="PASS">
          <reporter-output>
          </reporter-output>
        </test-method> <!-- CreateNewSoloInstructor -->
        <test-method is-config="true" signature="teardown()[pri:0, instance:UberAdmin.UberAdmin@54bff557]" started-at="2023-11-14T00:11:51 IST" name="teardown" finished-at="2023-11-14T00:11:52 IST" duration-ms="808" status="PASS">
          <reporter-output>
          </reporter-output>
        </test-method> <!-- teardown -->
      </class> <!-- UberAdmin.UberAdmin -->
    </test> <!-- Default test -->
  </suite> <!-- Default suite -->
</testng-results>
